#
# A fatal error has been detected by the Java Runtime Environment:
#
#  Internal Error (classFileParser.cpp:3161), pid=5712, tid=4404
#  Error: ShouldNotReachHere()
#
# JRE version: 6.0_21-b07
# Java VM: Java HotSpot(TM) 64-Bit Server VM (17.0-b17 mixed mode windows-amd64 )
# If you would like to submit a bug report, please visit:
#   http://java.sun.com/webapps/bugreport/crash.jsp
#

---------------  T H R E A D  ---------------

Current thread (0x00000000002ac000):  JavaThread "Unknown thread" [_thread_in_vm, id=4404, stack(0x00000000002b0000,0x00000000003b0000)]

Stack: [0x00000000002b0000,0x00000000003b0000]
[error occurred during error reporting (printing stack bounds), id 0xc0000005]


---------------  P R O C E S S  ---------------

Java Threads: ( => current thread )

Other Threads:

=>0x00000000002ac000 (exited) JavaThread "Unknown thread" [_thread_in_vm, id=4404, stack(0x00000000002b0000,0x00000000003b0000)]

VM state:not at safepoint (not fully initialized)

VM Mutex/Monitor currently owned by a thread: None

Dynamic libraries:
0x0000000000400000 - 0x000000000042e000 	C:\Program Files\Java\jre6\bin\javaw.exe
0x000007fc7b740000 - 0x000007fc7b8fe000 	C:\WINDOWS\SYSTEM32\ntdll.dll
0x000007fc79050000 - 0x000007fc79186000 	C:\WINDOWS\system32\KERNEL32.DLL
0x000007fc77cc0000 - 0x000007fc77db3000 	C:\WINDOWS\system32\KERNELBASE.dll
0x000007fc78570000 - 0x000007fc7864e000 	C:\WINDOWS\system32\ADVAPI32.dll
0x000007fc7a740000 - 0x000007fc7a88c000 	C:\WINDOWS\system32\USER32.dll
0x000007fc78170000 - 0x000007fc78215000 	C:\WINDOWS\system32\msvcrt.dll
0x000007fc78910000 - 0x000007fc78958000 	C:\WINDOWS\SYSTEM32\sechost.dll
0x000007fc78ae0000 - 0x000007fc78c20000 	C:\WINDOWS\system32\RPCRT4.dll
0x000007fc7a600000 - 0x000007fc7a740000 	C:\WINDOWS\system32\GDI32.dll
0x000007fc77eb0000 - 0x000007fc77ee9000 	C:\WINDOWS\system32\IMM32.DLL
0x000007fc78450000 - 0x000007fc78565000 	C:\WINDOWS\system32\MSCTF.dll
0x000000006d7f0000 - 0x000000006dec1000 	C:\Program Files\Java\jre6\bin\server\jvm.dll
0x000007fc72080000 - 0x000007fc720a0000 	C:\WINDOWS\SYSTEM32\WINMM.dll
0x000007fc72040000 - 0x000007fc72072000 	C:\WINDOWS\SYSTEM32\WINMMBASE.dll
0x000000006d760000 - 0x000000006d76e000 	C:\Program Files\Java\jre6\bin\verify.dll
0x000000006d3b0000 - 0x000000006d3d7000 	C:\Program Files\Java\jre6\bin\java.dll
0x000000006d310000 - 0x000000006d31a000 	C:\Program Files\Java\jre6\bin\hpi.dll
0x000007fc78960000 - 0x000007fc78967000 	C:\WINDOWS\system32\PSAPI.DLL
0x000000006d7b0000 - 0x000000006d7c2000 	C:\Program Files\Java\jre6\bin\zip.dll

VM Arguments:
jvm_args: -Dfile.encoding=Cp1252 -Xbootclasspath:C:\adt-bundle-windows-x86_64-20130219\sdk\platforms\android-17\android.jar 
java_command: se.androidsquad.coloristance.Bana1
Launcher Type: SUN_STANDARD

Environment Variables:
CLASSPATH=.;C:\Program Files (x86)\Java\jre6\lib\ext\QTJava.zip
PATH=C:\PROGRAM FILES\COMMON FILES\MICROSOFT SHARED\WINDOWS LIVE;C:\PROGRAM FILES (X86)\COMMON FILES\MICROSOFT SHARED\WINDOWS LIVE;C:\WINDOWS\SYSTEM32;C:\WINDOWS;C:\WINDOWS\SYSTEM32\WBEM;C:\WINDOWS\SYSTEM32\WINDOWSPOWERSHELL\V1.0\;;C:\PROGRAM FILES\MATLAB\R2010B\RUNTIME\WIN64;C:\PROGRAM FILES\MATLAB\R2010B\BIN;C:\PROGRAM FILES (X86)\WINDOWS LIVE\SHARED;C:\PROGRAM FILES (X86)\QUICKTIME\QTSYSTEM\;C:\WINDOWS\system32;C:\WINDOWS;C:\WINDOWS\System32\Wbem;C:\WINDOWS\System32\WindowsPowerShell\v1.0\
USERNAME=Simon
OS=Windows_NT
PROCESSOR_IDENTIFIER=Intel64 Family 6 Model 23 Stepping 10, GenuineIntel



---------------  S Y S T E M  ---------------

OS: Windows NT 6.2 Build 9200 

CPU:total 2 (2 cores per cpu, 1 threads per core) family 6 model 23 stepping 10, cmov, cx8, fxsr, mmx, sse, sse2, sse3, ssse3, sse4.1

Memory: 4k page, physical 3074980k(833568k free), swap 6220708k(2715084k free)

vm_info: Java HotSpot(TM) 64-Bit Server VM (17.0-b17) for windows-amd64 JRE (1.6.0_21-b07), built on Jul 17 2010 01:05:36 by "java_re" with MS VC++ 8.0 (VS2005)

time: Mon Apr 29 09:43:42 2013
elapsed time: 0 seconds

